<?xml version="1.0" encoding="UTF-8"?>
<!-- Generated by org.testng.reporters.JUnitReportReporter -->
<testsuite hostname="wm9f1-8cf" name="is.hail.expr.ir.PruneSuite" tests="65" failures="0" timestamp="18 Jul 2018 13:29:29 GMT" time="0.499" errors="0">
  <testcase name="testInsertFieldsRebuild" time="0.002" classname="is.hail.expr.ir.PruneSuite"/>
  <testcase name="testMatrixAggregateRowsByKeyMemo" time="0.018" classname="is.hail.expr.ir.PruneSuite"/>
  <testcase name="testTableAggregateMemo" time="0.005" classname="is.hail.expr.ir.PruneSuite"/>
  <testcase name="testTableExplodeMemo" time="0.002" classname="is.hail.expr.ir.PruneSuite"/>
  <testcase name="testTableMapRowsMemo" time="0.003" classname="is.hail.expr.ir.PruneSuite"/>
  <testcase name="testArrayLenMemo" time="0.002" classname="is.hail.expr.ir.PruneSuite"/>
  <testcase name="testMatrixMapGlobalsMemo" time="0.012" classname="is.hail.expr.ir.PruneSuite"/>
  <testcase name="testInsertFieldsMemo" time="0.001" classname="is.hail.expr.ir.PruneSuite"/>
  <testcase name="testCollectColsByKeyMemo" time="0.021" classname="is.hail.expr.ir.PruneSuite"/>
  <testcase name="testMakeArrayMemo" time="0.000" classname="is.hail.expr.ir.PruneSuite"/>
  <testcase name="testArrayForMemo" time="0.002" classname="is.hail.expr.ir.PruneSuite"/>
  <testcase name="testLetRebuild" time="0.003" classname="is.hail.expr.ir.PruneSuite"/>
  <testcase name="testMakeStructMemo" time="0.003" classname="is.hail.expr.ir.PruneSuite"/>
  <testcase name="testArrayMapMemo" time="0.004" classname="is.hail.expr.ir.PruneSuite"/>
  <testcase name="testMatrixMapColsRebuild" time="0.014" classname="is.hail.expr.ir.PruneSuite"/>
  <testcase name="testLetMemo" time="0.001" classname="is.hail.expr.ir.PruneSuite"/>
  <testcase name="testMatrixAggregateMemo" time="0.007" classname="is.hail.expr.ir.PruneSuite"/>
  <testcase name="testSelectFieldsMemo" time="0.003" classname="is.hail.expr.ir.PruneSuite"/>
  <testcase name="testMatrixAggregateRowsByKeyRebuild" time="0.015" classname="is.hail.expr.ir.PruneSuite"/>
  <testcase name="testTableFilterRebuild" time="0.002" classname="is.hail.expr.ir.PruneSuite"/>
  <testcase name="testTableKeyByMemo" time="0.002" classname="is.hail.expr.ir.PruneSuite"/>
  <testcase name="testMatrixMapEntriesRebuild" time="0.011" classname="is.hail.expr.ir.PruneSuite"/>
  <testcase name="testMatrixAggregateColsByKeyRebuild" time="0.019" classname="is.hail.expr.ir.PruneSuite"/>
  <testcase name="testTableMapGlobalsMemo" time="0.001" classname="is.hail.expr.ir.PruneSuite"/>
  <testcase name="testMatrixFilterEntriesMemo" time="0.008" classname="is.hail.expr.ir.PruneSuite"/>
  <testcase name="testMatrixAggregateRebuild" time="0.006" classname="is.hail.expr.ir.PruneSuite"/>
  <testcase name="testTableMapRowsRebuild" time="0.004" classname="is.hail.expr.ir.PruneSuite"/>
  <testcase name="testMatrixMapRowsRebuild" time="0.007" classname="is.hail.expr.ir.PruneSuite"/>
  <testcase name="testMatrixEntriesTableMemo" time="0.014" classname="is.hail.expr.ir.PruneSuite"/>
  <testcase name="testSelectFieldsRebuild" time="0.004" classname="is.hail.expr.ir.PruneSuite"/>
  <testcase name="testGetTupleElementMemo" time="0.006" classname="is.hail.expr.ir.PruneSuite"/>
  <testcase name="testMatrixMapColsMemo" time="0.012" classname="is.hail.expr.ir.PruneSuite"/>
  <testcase name="testIfRebuild" time="0.002" classname="is.hail.expr.ir.PruneSuite"/>
  <testcase name="testArrayFlatmapRebuild" time="0.002" classname="is.hail.expr.ir.PruneSuite"/>
  <testcase name="testArrayRefMemo" time="0.002" classname="is.hail.expr.ir.PruneSuite"/>
  <testcase name="testMatrixColsTableMemo" time="0.008" classname="is.hail.expr.ir.PruneSuite"/>
  <testcase name="testMatrixExplodeRowsMemo" time="0.016" classname="is.hail.expr.ir.PruneSuite"/>
  <testcase name="testTableUnionMemo" time="0.005" classname="is.hail.expr.ir.PruneSuite"/>
  <testcase name="testIfMemo" time="0.003" classname="is.hail.expr.ir.PruneSuite"/>
  <testcase name="testTableAggregateRebuild" time="0.004" classname="is.hail.expr.ir.PruneSuite"/>
  <testcase name="testTableImportRebuild" time="0.008" classname="is.hail.expr.ir.PruneSuite"/>
  <testcase name="testTableOrderByMemo" time="0.003" classname="is.hail.expr.ir.PruneSuite"/>
  <testcase name="testTableCountMemo" time="0.001" classname="is.hail.expr.ir.PruneSuite"/>
  <testcase name="testTableFilterMemo" time="0.007" classname="is.hail.expr.ir.PruneSuite"/>
  <testcase name="testMatrixMapRowsMemo" time="0.019" classname="is.hail.expr.ir.PruneSuite"/>
  <testcase name="testMakeArrayRebuild" time="0.001" classname="is.hail.expr.ir.PruneSuite"/>
  <testcase name="testArrayFoldMemo" time="0.002" classname="is.hail.expr.ir.PruneSuite"/>
  <testcase name="testArrayFilterMemo" time="0.019" classname="is.hail.expr.ir.PruneSuite"/>
  <testcase name="testMatrixAggregateColsByKeyMemo" time="0.028" classname="is.hail.expr.ir.PruneSuite"/>
  <testcase name="testArrayMapRebuild" time="0.002" classname="is.hail.expr.ir.PruneSuite"/>
  <testcase name="testMakeTupleMemo" time="0.001" classname="is.hail.expr.ir.PruneSuite"/>
  <testcase name="testGetFieldMemo" time="0.000" classname="is.hail.expr.ir.PruneSuite"/>
  <testcase name="testTableJoinMemo" time="0.015" classname="is.hail.expr.ir.PruneSuite"/>
  <testcase name="testUnionType" time="0.005" classname="is.hail.expr.ir.PruneSuite"/>
  <testcase name="testMakeStructRebuild" time="0.002" classname="is.hail.expr.ir.PruneSuite"/>
  <testcase name="testMatrixFilterColsMemo" time="0.055" classname="is.hail.expr.ir.PruneSuite"/>
  <testcase name="testMatrixFilterColsRebuild" time="0.030" classname="is.hail.expr.ir.PruneSuite"/>
  <testcase name="testMatrixRowsTableMemo" time="0.005" classname="is.hail.expr.ir.PruneSuite"/>
  <testcase name="testMatrixFilterRowsMemo" time="0.007" classname="is.hail.expr.ir.PruneSuite"/>
  <testcase name="testTableUnkeyMemo" time="0.005" classname="is.hail.expr.ir.PruneSuite"/>
  <testcase name="testNARebuild" time="0.004" classname="is.hail.expr.ir.PruneSuite"/>
  <testcase name="testTableMapGlobalsRebuild" time="0.002" classname="is.hail.expr.ir.PruneSuite"/>
  <testcase name="testArrayFlatMapMemo" time="0.002" classname="is.hail.expr.ir.PruneSuite"/>
  <testcase name="testMatrixFilterEntriesRebuild" time="0.008" classname="is.hail.expr.ir.PruneSuite"/>
  <testcase name="testMatrixMapGlobalsRebuild" time="0.012" classname="is.hail.expr.ir.PruneSuite"/>
</testsuite> <!-- is.hail.expr.ir.PruneSuite -->
